0 info it worked if it ends with ok
1 verbose cli [ '/Users/rdecast/.nvm/versions/node/v4.4.3/bin/node',
1 verbose cli   '/Users/rdecast/.nvm/versions/node/v4.4.3/bin/npm',
1 verbose cli   'start' ]
2 info using npm@3.8.7
3 info using node@v4.4.3
4 verbose run-script [ 'prestart', 'start', 'poststart' ]
5 info lifecycle flower-of-life@0.0.1~prestart: flower-of-life@0.0.1
6 silly lifecycle flower-of-life@0.0.1~prestart: no script for prestart, continuing
7 info lifecycle flower-of-life@0.0.1~start: flower-of-life@0.0.1
8 verbose lifecycle flower-of-life@0.0.1~start: unsafe-perm in lifecycle true
9 verbose lifecycle flower-of-life@0.0.1~start: PATH: /Users/rdecast/.nvm/versions/node/v4.4.3/lib/node_modules/npm/bin/node-gyp-bin:/Users/rdecast/love/raydecastro/flower-of-life/node_modules/.bin:/Users/rdecast/.nvm/versions/node/v4.4.3/bin:/Users/rdecast/love/maven/apache-maven-3.3.9/bin:/Users/rdecast/.nvm/versions/node/v4.4.3/bin:/usr/local/bin:/usr/bin:/bin:/usr/sbin:/sbin:/opt/X11/bin:/usr/local/share/dotnet
10 verbose lifecycle flower-of-life@0.0.1~start: CWD: /Users/rdecast/love/raydecastro/flower-of-life
11 silly lifecycle flower-of-life@0.0.1~start: Args: [ '-c', 'node ./bin/www' ]
12 silly lifecycle flower-of-life@0.0.1~start: Returned: code: 1  signal: null
13 info lifecycle flower-of-life@0.0.1~start: Failed to exec start script
14 verbose stack Error: flower-of-life@0.0.1 start: `node ./bin/www`
14 verbose stack Exit status 1
14 verbose stack     at EventEmitter.<anonymous> (/Users/rdecast/.nvm/versions/node/v4.4.3/lib/node_modules/npm/lib/utils/lifecycle.js:244:16)
14 verbose stack     at emitTwo (events.js:87:13)
14 verbose stack     at EventEmitter.emit (events.js:172:7)
14 verbose stack     at ChildProcess.<anonymous> (/Users/rdecast/.nvm/versions/node/v4.4.3/lib/node_modules/npm/lib/utils/spawn.js:24:14)
14 verbose stack     at emitTwo (events.js:87:13)
14 verbose stack     at ChildProcess.emit (events.js:172:7)
14 verbose stack     at maybeClose (internal/child_process.js:827:16)
14 verbose stack     at Process.ChildProcess._handle.onexit (internal/child_process.js:211:5)
15 verbose pkgid flower-of-life@0.0.1
16 verbose cwd /Users/rdecast/love/raydecastro/flower-of-life
17 error Darwin 15.3.0
18 error argv "/Users/rdecast/.nvm/versions/node/v4.4.3/bin/node" "/Users/rdecast/.nvm/versions/node/v4.4.3/bin/npm" "start"
19 error node v4.4.3
20 error npm  v3.8.7
21 error code ELIFECYCLE
22 error flower-of-life@0.0.1 start: `node ./bin/www`
22 error Exit status 1
23 error Failed at the flower-of-life@0.0.1 start script 'node ./bin/www'.
23 error Make sure you have the latest version of node.js and npm installed.
23 error If you do, this is most likely a problem with the flower-of-life package,
23 error not with npm itself.
23 error Tell the author that this fails on your system:
23 error     node ./bin/www
23 error You can get information on how to open an issue for this project with:
23 error     npm bugs flower-of-life
23 error Or if that isn't available, you can get their info via:
23 error     npm owner ls flower-of-life
23 error There is likely additional logging output above.
24 verbose exit [ 1, true ]
